<?xml version="1.0" encoding="UTF-8"?>
<robot generated="20181121 10:42:50.998" generator="Robot 3.0.4 (Python 2.7.8 on win32)">
<suite source="C:\Users\jelin\PycharmProjects\testsuite2\Test Cases\Song88_Test.robot" id="s1" name="Song88 Test">
<test id="s1-t1" name="TC_003_Navigate User List">
<kw type="setup" name="Start Browser and Maximize" library="Resources">
<kw name="Open Browser" library="SeleniumLibrary">
<doc>Opens a new browser instance to the given ``url``.</doc>
<arguments>
<arg>${URL}</arg>
<arg>${Browser}</arg>
</arguments>
<msg timestamp="20181121 10:42:51.125" level="INFO">Opening browser 'Chrome' to base url 'http://192.168.89.216/Account/Profile'.</msg>
<status status="PASS" endtime="20181121 10:43:20.060" starttime="20181121 10:42:51.125"></status>
</kw>
<kw name="Maximize Browser Window" library="SeleniumLibrary">
<doc>Maximizes current browser window.</doc>
<status status="PASS" endtime="20181121 10:43:21.194" starttime="20181121 10:43:20.060"></status>
</kw>
<status status="PASS" endtime="20181121 10:43:21.195" starttime="20181121 10:42:51.125"></status>
</kw>
<kw name="Navigate to User List" library="Resources">
<kw name="Wait Until Page Contains Element" library="SeleniumLibrary">
<doc>Waits until element ``locator`` appears on current page.</doc>
<arguments>
<arg>xpath://*[@id="root"]/div/div/div/div/ul/li[4]/a</arg>
</arguments>
<kw name="Capture Page Screenshot" library="SeleniumLibrary">
<doc>Takes screenshot of the current page and embeds it into log file.</doc>
<msg timestamp="20181121 10:43:26.652" html="yes" level="INFO">&lt;/td&gt;&lt;/tr&gt;&lt;tr&gt;&lt;td colspan="3"&gt;&lt;a href="selenium-screenshot-1.png"&gt;&lt;img src="selenium-screenshot-1.png" width="800px"&gt;&lt;/a&gt;</msg>
<status status="PASS" endtime="20181121 10:43:26.652" starttime="20181121 10:43:26.338"></status>
</kw>
<msg timestamp="20181121 10:43:26.653" level="FAIL">Element 'xpath://*[@id="root"]/div/div/div/div/ul/li[4]/a' did not appear in 5 seconds.</msg>
<status status="FAIL" endtime="20181121 10:43:26.653" starttime="20181121 10:43:21.197"></status>
</kw>
<status status="FAIL" endtime="20181121 10:43:26.654" starttime="20181121 10:43:21.196"></status>
</kw>
<status status="FAIL" endtime="20181121 10:43:26.654" critical="yes" starttime="20181121 10:42:51.125">Element 'xpath://*[@id="root"]/div/div/div/div/ul/li[4]/a' did not appear in 5 seconds.</status>
</test>
<test id="s1-t2" name="TC_004_Update Password">
<kw type="setup" name="Start Browser and Maximize" library="Resources">
<kw name="Open Browser" library="SeleniumLibrary">
<doc>Opens a new browser instance to the given ``url``.</doc>
<arguments>
<arg>${URL}</arg>
<arg>${Browser}</arg>
</arguments>
<msg timestamp="20181121 10:43:26.657" level="INFO">Opening browser 'Chrome' to base url 'http://192.168.89.216/Account/Profile'.</msg>
<status status="PASS" endtime="20181121 10:43:34.302" starttime="20181121 10:43:26.657"></status>
</kw>
<kw name="Maximize Browser Window" library="SeleniumLibrary">
<doc>Maximizes current browser window.</doc>
<status status="PASS" endtime="20181121 10:43:35.416" starttime="20181121 10:43:34.303"></status>
</kw>
<status status="PASS" endtime="20181121 10:43:35.416" starttime="20181121 10:43:26.657"></status>
</kw>
<kw name="Account Password Page" library="Resources">
<arguments>
<arg>helloworld123</arg>
<arg>testp@ssw0rd</arg>
<arg>testp@ssw0rd</arg>
</arguments>
<kw name="Click Element" library="SeleniumLibrary">
<doc>Click element identified by ``locator``.</doc>
<arguments>
<arg>xpath://*[@id="root"]/div/div/div/div/ul/li[2]</arg>
</arguments>
<msg timestamp="20181121 10:43:35.417" level="INFO">Clicking element 'xpath://*[@id="root"]/div/div/div/div/ul/li[2]'.</msg>
<status status="PASS" endtime="20181121 10:43:35.482" starttime="20181121 10:43:35.417"></status>
</kw>
<kw name="Sleep" library="BuiltIn">
<doc>Pauses the test executed for the given time.</doc>
<arguments>
<arg>2</arg>
</arguments>
<msg timestamp="20181121 10:43:37.483" level="INFO">Slept 2 seconds</msg>
<status status="PASS" endtime="20181121 10:43:37.483" starttime="20181121 10:43:35.482"></status>
</kw>
<kw name="Click Element" library="SeleniumLibrary">
<doc>Click element identified by ``locator``.</doc>
<arguments>
<arg>//*[@id="root"]/div/div/div/div/ul/li[2]/ul/li[2]/a</arg>
</arguments>
<msg timestamp="20181121 10:43:37.484" level="INFO">Clicking element '//*[@id="root"]/div/div/div/div/ul/li[2]/ul/li[2]/a'.</msg>
<status status="PASS" endtime="20181121 10:43:37.554" starttime="20181121 10:43:37.484"></status>
</kw>
<kw name="Sleep" library="BuiltIn">
<doc>Pauses the test executed for the given time.</doc>
<arguments>
<arg>2</arg>
</arguments>
<msg timestamp="20181121 10:43:39.556" level="INFO">Slept 2 seconds</msg>
<status status="PASS" endtime="20181121 10:43:39.556" starttime="20181121 10:43:37.555"></status>
</kw>
<kw name="Click Element" library="SeleniumLibrary">
<doc>Click element identified by ``locator``.</doc>
<arguments>
<arg>xpath://*[@id="oldPasswordEye"]</arg>
</arguments>
<msg timestamp="20181121 10:43:39.557" level="INFO">Clicking element 'xpath://*[@id="oldPasswordEye"]'.</msg>
<status status="PASS" endtime="20181121 10:43:39.633" starttime="20181121 10:43:39.556"></status>
</kw>
<kw name="Sleep" library="BuiltIn">
<doc>Pauses the test executed for the given time.</doc>
<arguments>
<arg>2</arg>
</arguments>
<msg timestamp="20181121 10:43:41.636" level="INFO">Slept 2 seconds</msg>
<status status="PASS" endtime="20181121 10:43:41.636" starttime="20181121 10:43:39.633"></status>
</kw>
<kw name="Input Text" library="SeleniumLibrary">
<doc>Types the given ``text`` into text field identified by ``locator``.</doc>
<arguments>
<arg>xpath://*[@id="root"]/div/div/main/div[2]/div/div/div/div/div[2]/div[2]/div/input</arg>
<arg>${OldPassword}</arg>
</arguments>
<msg timestamp="20181121 10:43:41.637" level="INFO">Typing text 'helloworld123' into text field 'xpath://*[@id="root"]/div/div/main/div[2]/div/div/div/div/div[2]/div[2]/div/input'.</msg>
<status status="PASS" endtime="20181121 10:43:41.739" starttime="20181121 10:43:41.636"></status>
</kw>
<kw name="Click Element" library="SeleniumLibrary">
<doc>Click element identified by ``locator``.</doc>
<arguments>
<arg>xpath://*[@id="newPasswordEye"]</arg>
</arguments>
<msg timestamp="20181121 10:43:41.739" level="INFO">Clicking element 'xpath://*[@id="newPasswordEye"]'.</msg>
<status status="PASS" endtime="20181121 10:43:41.803" starttime="20181121 10:43:41.739"></status>
</kw>
<kw name="Sleep" library="BuiltIn">
<doc>Pauses the test executed for the given time.</doc>
<arguments>
<arg>2</arg>
</arguments>
<msg timestamp="20181121 10:43:43.812" level="INFO">Slept 2 seconds</msg>
<status status="PASS" endtime="20181121 10:43:43.812" starttime="20181121 10:43:41.803"></status>
</kw>
<kw name="Input Text" library="SeleniumLibrary">
<doc>Types the given ``text`` into text field identified by ``locator``.</doc>
<arguments>
<arg>xpath://*[@id="root"]/div/div/main/div[2]/div/div/div/div/div[2]/div[3]/div/input</arg>
<arg>${NewPassword}</arg>
</arguments>
<msg timestamp="20181121 10:43:43.812" level="INFO">Typing text 'testp@ssw0rd' into text field 'xpath://*[@id="root"]/div/div/main/div[2]/div/div/div/div/div[2]/div[3]/div/input'.</msg>
<status status="PASS" endtime="20181121 10:43:43.907" starttime="20181121 10:43:43.812"></status>
</kw>
<kw name="Sleep" library="BuiltIn">
<doc>Pauses the test executed for the given time.</doc>
<arguments>
<arg>2</arg>
</arguments>
<msg timestamp="20181121 10:43:45.907" level="INFO">Slept 2 seconds</msg>
<status status="PASS" endtime="20181121 10:43:45.907" starttime="20181121 10:43:43.907"></status>
</kw>
<kw name="Click Element" library="SeleniumLibrary">
<doc>Click element identified by ``locator``.</doc>
<arguments>
<arg>xpath://*[@id="confirmPasswordEye"]</arg>
</arguments>
<msg timestamp="20181121 10:43:45.907" level="INFO">Clicking element 'xpath://*[@id="confirmPasswordEye"]'.</msg>
<status status="PASS" endtime="20181121 10:43:45.955" starttime="20181121 10:43:45.907"></status>
</kw>
<kw name="Sleep" library="BuiltIn">
<doc>Pauses the test executed for the given time.</doc>
<arguments>
<arg>2</arg>
</arguments>
<msg timestamp="20181121 10:43:47.963" level="INFO">Slept 2 seconds</msg>
<status status="PASS" endtime="20181121 10:43:47.963" starttime="20181121 10:43:45.955"></status>
</kw>
<kw name="Input Text" library="SeleniumLibrary">
<doc>Types the given ``text`` into text field identified by ``locator``.</doc>
<arguments>
<arg>xpath://*[@id="root"]/div/div/main/div[2]/div/div/div/div/div[2]/div[4]/div/input</arg>
<arg>${ConfirmPassword}</arg>
</arguments>
<msg timestamp="20181121 10:43:47.963" level="INFO">Typing text 'testp@ssw0rd' into text field 'xpath://*[@id="root"]/div/div/main/div[2]/div/div/div/div/div[2]/div[4]/div/input'.</msg>
<status status="PASS" endtime="20181121 10:43:48.059" starttime="20181121 10:43:47.963"></status>
</kw>
<kw name="Sleep" library="BuiltIn">
<doc>Pauses the test executed for the given time.</doc>
<arguments>
<arg>2</arg>
</arguments>
<msg timestamp="20181121 10:43:50.059" level="INFO">Slept 2 seconds</msg>
<status status="PASS" endtime="20181121 10:43:50.059" starttime="20181121 10:43:48.059"></status>
</kw>
<kw name="Click Element" library="SeleniumLibrary">
<doc>Click element identified by ``locator``.</doc>
<arguments>
<arg>xpath://*[@id="root"]/div/div/main/div[2]/div/div/div/div/div[2]/button</arg>
</arguments>
<msg timestamp="20181121 10:43:50.060" level="INFO">Clicking element 'xpath://*[@id="root"]/div/div/main/div[2]/div/div/div/div/div[2]/button'.</msg>
<status status="PASS" endtime="20181121 10:43:50.117" starttime="20181121 10:43:50.060"></status>
</kw>
<status status="PASS" endtime="20181121 10:43:50.117" starttime="20181121 10:43:35.417"></status>
</kw>
<status status="PASS" endtime="20181121 10:43:50.117" critical="yes" starttime="20181121 10:43:26.657"></status>
</test>
<status status="FAIL" endtime="20181121 10:43:50.119" starttime="20181121 10:42:51.000"></status>
</suite>
<statistics>
<total>
<stat fail="1" pass="1">Critical Tests</stat>
<stat fail="1" pass="1">All Tests</stat>
</total>
<tag>
</tag>
<suite>
<stat fail="1" id="s1" name="Song88 Test" pass="1">Song88 Test</stat>
</suite>
</statistics>
<errors>
<msg timestamp="20181121 10:42:51.109" level="ERROR">Error in file 'C:\Users\jelin\PycharmProjects\testsuite2\Test Cases\Song88_Test.robot': Importing test library 'SikuliLibrary' failed: ImportError: No module named SikuliLibrary
Traceback (most recent call last):
  None
PYTHONPATH:
  C:\Python27\python27.zip
  C:\Python27\DLLs
  C:\Python27\lib
  C:\Python27\lib\plat-win
  C:\Python27\lib\lib-tk
  C:\Python27
  C:\Python27\lib\site-packages
  C:\Python27\lib\site-packages\setuptools-28.6.1-py2.7.egg
  C:\Python27\lib\site-packages\pip-8.1.2-py2.7.egg
  C:\Python27\lib\site-packages\wx-2.8-msw-unicode</msg>
</errors>
</robot>
